app/build/outputs/logs/manifest-merger-debug-report.txt
-- Merging decision tree log ---
manifest
ADDED from src/main/AndroidManifest.xml:1:1-97:12
INJECTED from src/main/AndroidManifest.xml:1:1-97:12
INJECTED from src/main/AndroidManifest.xml:1:1-97:12
INJECTED from src/main/AndroidManifest.xml:1:1-97:12
INJECTED from src/main/AndroidManifest.xml:1:1-97:12
INJECTED from src/main/AndroidManifest.xml:1:1-97:12
INJECTED from src/main/AndroidManifest.xml:1:1-97:12
	package
		ADDED from src/main/AndroidManifest.xml:2:5-36
		INJECTED from src/main/AndroidManifest.xml
		INJECTED from src/main/AndroidManifest.xml
	android:versionName
		ADDED from src/main/AndroidManifest.xml:4:5-30
		INJECTED from src/main/AndroidManifest.xml
		INJECTED from src/main/AndroidManifest.xml
	xmlns:android
		ADDED from src/main/AndroidManifest.xml:1:11-69
	android:versionCode
		ADDED from src/main/AndroidManifest.xml:3:5-28
		INJECTED from src/main/AndroidManifest.xml
		INJECTED from src/main/AndroidManifest.xml
uses-sdk
ADDED from src/main/AndroidManifest.xml:6:5-8:41
INJECTED from src/main/AndroidManifest.xml:6:5-8:41
INJECTED from src/main/AndroidManifest.xml:6:5-8:41
INJECTED from src/main/AndroidManifest.xml:6:5-8:41
INJECTED from src/main/AndroidManifest.xml:6:5-8:41
	android:targetSdkVersion
		ADDED from src/main/AndroidManifest.xml:8:9-38
		INJECTED from src/main/AndroidManifest.xml
		INJECTED from src/main/AndroidManifest.xml
	android:minSdkVersion
		ADDED from src/main/AndroidManifest.xml:7:9-35
		INJECTED from src/main/AndroidManifest.xml
		INJECTED from src/main/AndroidManifest.xml
uses-permission#android.permission.SYSTEM_ALERT_WINDOW
ADDED from src/main/AndroidManifest.xml:10:5-78
	android:name
		ADDED from src/main/AndroidManifest.xml:10:22-75
uses-permission#android.permission.VIBRATE
ADDED from src/main/AndroidManifest.xml:11:5-66
	android:name
		ADDED from src/main/AndroidManifest.xml:11:22-63
uses-permission#android.permission.GET_TASKS
ADDED from src/main/AndroidManifest.xml:12:5-68
	android:name
		ADDED from src/main/AndroidManifest.xml:12:22-65
uses-permission#android.permission.ACCESS_WIFI_STATE
ADDED from src/main/AndroidManifest.xml:13:5-76
	android:name
		ADDED from src/main/AndroidManifest.xml:13:22-73
uses-permission#android.permission.CHANGE_WIFI_STATE
ADDED from src/main/AndroidManifest.xml:14:5-76
	android:name
		ADDED from src/main/AndroidManifest.xml:14:22-73
uses-permission#android.permission.BLUETOOTH
ADDED from src/main/AndroidManifest.xml:15:5-68
	android:name
		ADDED from src/main/AndroidManifest.xml:15:22-65
uses-permission#android.permission.BLUETOOTH_ADMIN
ADDED from src/main/AndroidManifest.xml:16:5-74
	android:name
		ADDED from src/main/AndroidManifest.xml:16:22-71
uses-permission#android.permission.WRITE_SETTINGS
ADDED from src/main/AndroidManifest.xml:17:5-73
	android:name
		ADDED from src/main/AndroidManifest.xml:17:22-70
uses-permission#android.permission.REORDER_TASKS
ADDED from src/main/AndroidManifest.xml:18:5-72
	android:name
		ADDED from src/main/AndroidManifest.xml:18:22-69
application
ADDED from src/main/AndroidManifest.xml:20:5-95:19
	android:label
		ADDED from src/main/AndroidManifest.xml:23:9-41
	android:icon
		ADDED from src/main/AndroidManifest.xml:22:9-45
	android:allowBackup
		ADDED from src/main/AndroidManifest.xml:21:9-35
	android:theme
		ADDED from src/main/AndroidManifest.xml:24:9-40
activity#quicklic.quicklic.servicecontrol.StartService
ADDED from src/main/AndroidManifest.xml:25:9-34:20
	android:label
		ADDED from src/main/AndroidManifest.xml:27:13-45
	android:theme
		ADDED from src/main/AndroidManifest.xml:28:13-53
	android:name
		ADDED from src/main/AndroidManifest.xml:26:13-73
intent-filter#action:name:android.intent.action.MAIN+category:name:android.intent.category.LAUNCHER
ADDED from src/main/AndroidManifest.xml:29:13-33:29
action#android.intent.action.MAIN
ADDED from src/main/AndroidManifest.xml:30:17-69
	android:name
		ADDED from src/main/AndroidManifest.xml:30:25-66
category#android.intent.category.LAUNCHER
ADDED from src/main/AndroidManifest.xml:32:17-77
	android:name
		ADDED from src/main/AndroidManifest.xml:32:27-74
activity#quicklic.quicklic.servicecontrol.FinishService
ADDED from src/main/AndroidManifest.xml:35:9-39:20
	android:label
		ADDED from src/main/AndroidManifest.xml:37:13-45
	android:theme
		ADDED from src/main/AndroidManifest.xml:38:13-53
	android:name
		ADDED from src/main/AndroidManifest.xml:36:13-74
activity#quicklic.quicklic.servicecontrol.StartQuicklicMainService
ADDED from src/main/AndroidManifest.xml:40:9-45:20
	android:label
		ADDED from src/main/AndroidManifest.xml:43:13-45
	android:configChanges
		ADDED from src/main/AndroidManifest.xml:42:13-48
	android:theme
		ADDED from src/main/AndroidManifest.xml:44:13-53
	android:name
		ADDED from src/main/AndroidManifest.xml:41:13-85
activity#quicklic.quicklic.favorite.ApkListActivity
ADDED from src/main/AndroidManifest.xml:46:9-50:20
	android:configChanges
		ADDED from src/main/AndroidManifest.xml:48:13-48
	android:theme
		ADDED from src/main/AndroidManifest.xml:49:13-56
	android:name
		ADDED from src/main/AndroidManifest.xml:47:13-70
activity#quicklic.quicklic.util.DeviceAdminActivity
ADDED from src/main/AndroidManifest.xml:51:9-54:20
	android:theme
		ADDED from src/main/AndroidManifest.xml:53:13-53
	android:name
		ADDED from src/main/AndroidManifest.xml:52:13-70
service#quicklic.quicklic.main.QuicklicMainService
ADDED from src/main/AndroidManifest.xml:56:9-60:19
	android:exported
		ADDED from src/main/AndroidManifest.xml:59:13-37
	android:configChanges
		ADDED from src/main/AndroidManifest.xml:58:13-48
	android:name
		ADDED from src/main/AndroidManifest.xml:57:13-70
service#quicklic.quicklic.favorite.QuicklicFavoriteService
ADDED from src/main/AndroidManifest.xml:61:9-65:19
	android:exported
		ADDED from src/main/AndroidManifest.xml:64:13-37
	android:configChanges
		ADDED from src/main/AndroidManifest.xml:63:13-48
	android:name
		ADDED from src/main/AndroidManifest.xml:62:13-78
service#quicklic.quicklic.hardware.QuicklicHardwareService
ADDED from src/main/AndroidManifest.xml:66:9-70:19
	android:exported
		ADDED from src/main/AndroidManifest.xml:69:13-37
	android:configChanges
		ADDED from src/main/AndroidManifest.xml:68:13-48
	android:name
		ADDED from src/main/AndroidManifest.xml:67:13-78
service#quicklic.floating.api.FloatingService
ADDED from src/main/AndroidManifest.xml:71:9-75:19
	android:exported
		ADDED from src/main/AndroidManifest.xml:74:13-37
	android:configChanges
		ADDED from src/main/AndroidManifest.xml:73:13-48
	android:name
		ADDED from src/main/AndroidManifest.xml:72:13-65
service#quicklic.quicklic.keyboard.QuicklicKeyBoardService
ADDED from src/main/AndroidManifest.xml:76:9-80:19
	android:exported
		ADDED from src/main/AndroidManifest.xml:79:13-37
	android:configChanges
		ADDED from src/main/AndroidManifest.xml:78:13-48
	android:name
		ADDED from src/main/AndroidManifest.xml:77:13-78
receiver#quicklic.quicklic.util.DeviceAdmin
ADDED from src/main/AndroidManifest.xml:82:9-94:20
	android:label
		ADDED from src/main/AndroidManifest.xml:85:13-64
	android:permission
		ADDED from src/main/AndroidManifest.xml:86:13-70
	android:description
		ADDED from src/main/AndroidManifest.xml:84:13-76
	android:name
		ADDED from src/main/AndroidManifest.xml:83:13-62
meta-data#android.app.device_admin
ADDED from src/main/AndroidManifest.xml:87:13-89:56
	android:resource
		ADDED from src/main/AndroidManifest.xml:89:17-53
	android:name
		ADDED from src/main/AndroidManifest.xml:88:17-56
intent-filter#action:name:android.app.action.DEVICE_ADMIN_ENABLED
ADDED from src/main/AndroidManifest.xml:91:13-93:29
action#android.app.action.DEVICE_ADMIN_ENABLED
ADDED from src/main/AndroidManifest.xml:92:17-82
	android:name
		ADDED from src/main/AndroidManifest.xml:92:25-79